TN:
SF:spar.js
FN:126,$
FN:130,showToast
FN:139,(anonymous_2)
FN:140,(anonymous_3)
FN:142,(anonymous_4)
FN:146,playSound
FN:168,saveApiKey
FN:178,loadApiKey
FN:191,saveProvider
FN:195,loadProvider
FN:203,toggleApiKey
FN:215,copyResponse
FN:225,(anonymous_12)
FN:227,(anonymous_13)
FN:232,copySynthesis
FN:238,(anonymous_15)
FN:240,(anonymous_16)
FN:245,retryPersona
FN:249,setExample
FN:265,getApiConfig
FN:286,callAI
FN:376,runSpar
FN:419,(anonymous_22)
FN:437,runSinglePersona
FN:469,(anonymous_24)
FN:511,updateProgress
FN:516,updateFavicon
FN:530,runRound2
FN:553,(anonymous_28)
FN:589,generateSynthesis
FN:642,renderMarkdown
FN:655,exportMarkdown
FN:732,resetSpar
FN:751,(anonymous_33)
FN:782,(anonymous_34)
FN:798,(anonymous_35)
FN:809,(anonymous_36)
FN:831,(anonymous_37)
FN:836,(anonymous_38)
FNF:39
FNH:0
FNDA:0,$
FNDA:0,showToast
FNDA:0,(anonymous_2)
FNDA:0,(anonymous_3)
FNDA:0,(anonymous_4)
FNDA:0,playSound
FNDA:0,saveApiKey
FNDA:0,loadApiKey
FNDA:0,saveProvider
FNDA:0,loadProvider
FNDA:0,toggleApiKey
FNDA:0,copyResponse
FNDA:0,(anonymous_12)
FNDA:0,(anonymous_13)
FNDA:0,copySynthesis
FNDA:0,(anonymous_15)
FNDA:0,(anonymous_16)
FNDA:0,retryPersona
FNDA:0,setExample
FNDA:0,getApiConfig
FNDA:0,callAI
FNDA:0,runSpar
FNDA:0,(anonymous_22)
FNDA:0,runSinglePersona
FNDA:0,(anonymous_24)
FNDA:0,updateProgress
FNDA:0,updateFavicon
FNDA:0,runRound2
FNDA:0,(anonymous_28)
FNDA:0,generateSynthesis
FNDA:0,renderMarkdown
FNDA:0,exportMarkdown
FNDA:0,resetSpar
FNDA:0,(anonymous_33)
FNDA:0,(anonymous_34)
FNDA:0,(anonymous_35)
FNDA:0,(anonymous_36)
FNDA:0,(anonymous_37)
FNDA:0,(anonymous_38)
DA:13,0
DA:27,0
DA:110,0
DA:127,0
DA:131,0
DA:132,0
DA:133,0
DA:137,0
DA:139,0
DA:140,0
DA:141,0
DA:142,0
DA:148,0
DA:149,0
DA:150,0
DA:151,0
DA:152,0
DA:153,0
DA:154,0
DA:155,0
DA:156,0
DA:157,0
DA:158,0
DA:159,0
DA:169,0
DA:170,0
DA:171,0
DA:173,0
DA:174,0
DA:179,0
DA:180,0
DA:181,0
DA:182,0
DA:183,0
DA:184,0
DA:188,0
DA:192,0
DA:196,0
DA:204,0
DA:205,0
DA:206,0
DA:207,0
DA:208,0
DA:210,0
DA:211,0
DA:216,0
DA:220,0
DA:221,0
DA:222,0
DA:225,0
DA:226,0
DA:228,0
DA:233,0
DA:234,0
DA:235,0
DA:238,0
DA:239,0
DA:241,0
DA:246,0
DA:250,0
DA:257,0
DA:258,0
DA:266,0
DA:267,0
DA:269,0
DA:270,0
DA:271,0
DA:272,0
DA:276,0
DA:277,0
DA:279,0
DA:287,0
DA:293,0
DA:294,0
DA:295,0
DA:312,0
DA:313,0
DA:314,0
DA:317,0
DA:318,0
DA:321,0
DA:322,0
DA:338,0
DA:339,0
DA:340,0
DA:343,0
DA:344,0
DA:347,0
DA:348,0
DA:356,0
DA:357,0
DA:358,0
DA:361,0
DA:362,0
DA:365,0
DA:367,0
DA:368,0
DA:377,0
DA:379,0
DA:380,0
DA:382,0
DA:383,0
DA:384,0
DA:385,0
DA:386,0
DA:389,0
DA:390,0
DA:391,0
DA:394,0
DA:397,0
DA:398,0
DA:401,0
DA:402,0
DA:403,0
DA:406,0
DA:408,0
DA:416,0
DA:417,0
DA:419,0
DA:420,0
DA:421,0
DA:422,0
DA:425,0
DA:428,0
DA:429,0
DA:430,0
DA:431,0
DA:432,0
DA:434,0
DA:438,0
DA:439,0
DA:440,0
DA:443,0
DA:444,0
DA:452,0
DA:453,0
DA:454,0
DA:455,0
DA:456,0
DA:459,0
DA:460,0
DA:461,0
DA:462,0
DA:463,0
DA:464,0
DA:465,0
DA:468,0
DA:469,0
DA:470,0
DA:471,0
DA:474,0
DA:475,0
DA:477,0
DA:478,0
DA:479,0
DA:482,0
DA:483,0
DA:484,0
DA:486,0
DA:487,0
DA:490,0
DA:491,0
DA:493,0
DA:494,0
DA:495,0
DA:501,0
DA:502,0
DA:505,0
DA:508,0
DA:512,0
DA:518,0
DA:519,0
DA:520,0
DA:521,0
DA:522,0
DA:523,0
DA:531,0
DA:532,0
DA:534,0
DA:535,0
DA:537,0
DA:539,0
DA:551,0
DA:553,0
DA:554,0
DA:555,0
DA:556,0
DA:558,0
DA:559,0
DA:560,0
DA:561,0
DA:563,0
DA:564,0
DA:565,0
DA:566,0
DA:567,0
DA:568,0
DA:569,0
DA:571,0
DA:572,0
DA:573,0
DA:574,0
DA:578,0
DA:581,0
DA:582,0
DA:590,0
DA:591,0
DA:593,0
DA:628,0
DA:629,0
DA:631,0
DA:632,0
DA:633,0
DA:636,0
DA:638,0
DA:643,0
DA:656,0
DA:657,0
DA:659,0
DA:717,0
DA:718,0
DA:719,0
DA:720,0
DA:721,0
DA:722,0
DA:723,0
DA:725,0
DA:733,0
DA:745,0
DA:746,0
DA:747,0
DA:748,0
DA:749,0
DA:751,0
DA:752,0
DA:753,0
DA:754,0
DA:755,0
DA:757,0
DA:758,0
DA:759,0
DA:761,0
DA:762,0
DA:763,0
DA:765,0
DA:766,0
DA:768,0
DA:769,0
DA:773,0
DA:774,0
DA:775,0
DA:782,0
DA:784,0
DA:785,0
DA:786,0
DA:787,0
DA:792,0
DA:793,0
DA:798,0
DA:799,0
DA:800,0
DA:801,0
DA:809,0
DA:811,0
DA:812,0
DA:814,0
DA:815,0
DA:816,0
DA:819,0
DA:820,0
DA:824,0
DA:826,0
DA:827,0
DA:831,0
DA:832,0
DA:836,0
DA:837,0
DA:838,0
LF:278
LH:0
BRDA:130,0,0,0
BRDA:134,1,0,0
BRDA:134,1,1,0
BRDA:134,2,0,0
BRDA:134,2,1,0
BRDA:148,3,0,0
BRDA:148,3,1,0
BRDA:150,4,0,0
BRDA:150,4,1,0
BRDA:169,5,0,0
BRDA:169,5,1,0
BRDA:180,6,0,0
BRDA:180,6,1,0
BRDA:182,7,0,0
BRDA:182,7,1,0
BRDA:196,8,0,0
BRDA:196,8,1,0
BRDA:206,9,0,0
BRDA:206,9,1,0
BRDA:215,10,0,0
BRDA:216,11,0,0
BRDA:216,11,1,0
BRDA:220,12,0,0
BRDA:220,12,1,0
BRDA:233,13,0,0
BRDA:233,13,1,0
BRDA:269,14,0,0
BRDA:269,14,1,0
BRDA:286,15,0,0
BRDA:294,16,0,0
BRDA:294,16,1,0
BRDA:312,17,0,0
BRDA:312,17,1,0
BRDA:314,18,0,0
BRDA:314,18,1,0
BRDA:321,19,0,0
BRDA:321,19,1,0
BRDA:338,20,0,0
BRDA:338,20,1,0
BRDA:340,21,0,0
BRDA:340,21,1,0
BRDA:347,22,0,0
BRDA:347,22,1,0
BRDA:356,23,0,0
BRDA:356,23,1,0
BRDA:358,24,0,0
BRDA:358,24,1,0
BRDA:377,25,0,0
BRDA:377,25,1,0
BRDA:380,26,0,0
BRDA:380,26,1,0
BRDA:383,27,0,0
BRDA:383,27,1,0
BRDA:437,28,0,0
BRDA:437,29,0,0
BRDA:438,30,0,0
BRDA:438,30,1,0
BRDA:440,31,0,0
BRDA:440,31,1,0
BRDA:443,32,0,0
BRDA:443,32,1,0
BRDA:465,33,0,0
BRDA:465,33,1,0
BRDA:505,34,0,0
BRDA:505,34,1,0
BRDA:518,35,0,0
BRDA:518,35,1,0
BRDA:518,36,0,0
BRDA:518,36,1,0
BRDA:519,37,0,0
BRDA:519,37,1,0
BRDA:532,38,0,0
BRDA:532,38,1,0
BRDA:676,39,0,0
BRDA:676,39,1,0
BRDA:679,40,0,0
BRDA:679,40,1,0
BRDA:682,41,0,0
BRDA:682,41,1,0
BRDA:685,42,0,0
BRDA:685,42,1,0
BRDA:692,43,0,0
BRDA:692,43,1,0
BRDA:695,44,0,0
BRDA:695,44,1,0
BRDA:698,45,0,0
BRDA:698,45,1,0
BRDA:701,46,0,0
BRDA:701,46,1,0
BRDA:707,47,0,0
BRDA:707,47,1,0
BRDA:757,48,0,0
BRDA:757,48,1,0
BRDA:761,49,0,0
BRDA:761,49,1,0
BRDA:765,50,0,0
BRDA:765,50,1,0
BRDA:768,51,0,0
BRDA:768,51,1,0
BRDA:784,52,0,0
BRDA:784,52,1,0
BRDA:784,53,0,0
BRDA:784,53,1,0
BRDA:784,53,2,0
BRDA:786,54,0,0
BRDA:786,54,1,0
BRDA:792,55,0,0
BRDA:792,55,1,0
BRDA:792,56,0,0
BRDA:792,56,1,0
BRDA:799,57,0,0
BRDA:799,57,1,0
BRDA:799,58,0,0
BRDA:799,58,1,0
BRDA:799,58,2,0
BRDA:814,59,0,0
BRDA:814,59,1,0
BRDA:814,60,0,0
BRDA:814,60,1,0
BRDA:816,61,0,0
BRDA:816,61,1,0
BRDA:819,62,0,0
BRDA:819,62,1,0
BRDA:819,63,0,0
BRDA:819,63,1,0
BRDA:837,64,0,0
BRDA:837,64,1,0
BRF:127
BRH:0
end_of_record
TN:
SF:cli/index.js
FN:43,ensureDirectories
FN:44,(anonymous_1)
FN:53,loadConfig
FN:62,saveConfig
FN:67,getConfig
FN:68,setConfig
FN:74,loadCustomPersonas
FN:78,(anonymous_7)
FN:78,(anonymous_8)
FN:88,getAllPersonasWithCustom
FN:92,savePersona
FN:101,saveSession
FN:110,listSessions
FN:113,(anonymous_13)
FN:115,(anonymous_14)
FN:125,printBanner
FN:139,printCompass
FN:155,printDivider
FN:163,runSparkCheck
FN:165,(anonymous_19)
FN:195,debateStart
FN:250,(anonymous_21)
FN:256,(anonymous_22)
FN:307,(anonymous_23)
FN:329,(anonymous_24)
FN:340,(anonymous_25)
FN:352,(anonymous_26)
FN:374,(anonymous_27)
FN:433,(anonymous_28)
FN:492,exportSessionMarkdown
FN:538,configSetup
FN:571,(anonymous_31)
FN:587,configShow
FN:604,personaList
FN:609,(anonymous_34)
FN:614,(anonymous_35)
FN:619,(anonymous_36)
FN:626,(anonymous_37)
FN:633,personaCreate
FN:638,(anonymous_39)
FN:639,(anonymous_40)
FN:641,(anonymous_41)
FN:642,(anonymous_42)
FN:643,(anonymous_43)
FN:655,showSparkit
FN:660,(anonymous_45)
FN:666,showSpark
FN:671,(anonymous_47)
FN:678,showAspires
FN:683,(anonymous_49)
FN:689,showStatus
FN:704,(anonymous_51)
FN:711,debateHistory
FN:719,(anonymous_53)
FN:742,(anonymous_54)
FN:765,(anonymous_55)
FNF:56
FNH:0
FNDA:0,ensureDirectories
FNDA:0,(anonymous_1)
FNDA:0,loadConfig
FNDA:0,saveConfig
FNDA:0,getConfig
FNDA:0,setConfig
FNDA:0,loadCustomPersonas
FNDA:0,(anonymous_7)
FNDA:0,(anonymous_8)
FNDA:0,getAllPersonasWithCustom
FNDA:0,savePersona
FNDA:0,saveSession
FNDA:0,listSessions
FNDA:0,(anonymous_13)
FNDA:0,(anonymous_14)
FNDA:0,printBanner
FNDA:0,printCompass
FNDA:0,printDivider
FNDA:0,runSparkCheck
FNDA:0,(anonymous_19)
FNDA:0,debateStart
FNDA:0,(anonymous_21)
FNDA:0,(anonymous_22)
FNDA:0,(anonymous_23)
FNDA:0,(anonymous_24)
FNDA:0,(anonymous_25)
FNDA:0,(anonymous_26)
FNDA:0,(anonymous_27)
FNDA:0,(anonymous_28)
FNDA:0,exportSessionMarkdown
FNDA:0,configSetup
FNDA:0,(anonymous_31)
FNDA:0,configShow
FNDA:0,personaList
FNDA:0,(anonymous_34)
FNDA:0,(anonymous_35)
FNDA:0,(anonymous_36)
FNDA:0,(anonymous_37)
FNDA:0,personaCreate
FNDA:0,(anonymous_39)
FNDA:0,(anonymous_40)
FNDA:0,(anonymous_41)
FNDA:0,(anonymous_42)
FNDA:0,(anonymous_43)
FNDA:0,showSparkit
FNDA:0,(anonymous_45)
FNDA:0,showSpark
FNDA:0,(anonymous_47)
FNDA:0,showAspires
FNDA:0,(anonymous_49)
FNDA:0,showStatus
FNDA:0,(anonymous_51)
FNDA:0,debateHistory
FNDA:0,(anonymous_53)
FNDA:0,(anonymous_54)
FNDA:0,(anonymous_55)
DA:37,0
DA:38,0
DA:39,0
DA:40,0
DA:41,0
DA:44,0
DA:45,0
DA:54,0
DA:55,0
DA:56,0
DA:57,0
DA:59,0
DA:63,0
DA:64,0
DA:67,0
DA:68,0
DA:75,0
DA:76,0
DA:77,0
DA:78,0
DA:79,0
DA:80,0
DA:81,0
DA:85,0
DA:89,0
DA:93,0
DA:94,0
DA:102,0
DA:103,0
DA:104,0
DA:105,0
DA:106,0
DA:107,0
DA:111,0
DA:112,0
DA:113,0
DA:116,0
DA:117,0
DA:126,0
DA:136,0
DA:140,0
DA:156,0
DA:164,0
DA:165,0
DA:166,0
DA:167,0
DA:168,0
DA:169,0
DA:172,0
DA:174,0
DA:176,0
DA:177,0
DA:178,0
DA:181,0
DA:188,0
DA:196,0
DA:198,0
DA:199,0
DA:200,0
DA:201,0
DA:204,0
DA:205,0
DA:206,0
DA:207,0
DA:208,0
DA:212,0
DA:213,0
DA:215,0
DA:216,0
DA:221,0
DA:224,0
DA:225,0
DA:226,0
DA:230,0
DA:231,0
DA:232,0
DA:233,0
DA:237,0
DA:238,0
DA:240,0
DA:241,0
DA:243,0
DA:244,0
DA:245,0
DA:246,0
DA:247,0
DA:249,0
DA:250,0
DA:251,0
DA:252,0
DA:256,0
DA:262,0
DA:265,0
DA:266,0
DA:269,0
DA:270,0
DA:271,0
DA:272,0
DA:274,0
DA:287,0
DA:296,0
DA:298,0
DA:299,0
DA:301,0
DA:302,0
DA:303,0
DA:304,0
DA:307,0
DA:308,0
DA:309,0
DA:310,0
DA:311,0
DA:312,0
DA:313,0
DA:315,0
DA:316,0
DA:320,0
DA:322,0
DA:323,0
DA:324,0
DA:325,0
DA:326,0
DA:327,0
DA:328,0
DA:329,0
DA:333,0
DA:337,0
DA:338,0
DA:340,0
DA:341,0
DA:342,0
DA:343,0
DA:346,0
DA:348,0
DA:349,0
DA:352,0
DA:353,0
DA:354,0
DA:355,0
DA:356,0
DA:357,0
DA:358,0
DA:360,0
DA:361,0
DA:365,0
DA:367,0
DA:368,0
DA:369,0
DA:370,0
DA:371,0
DA:372,0
DA:373,0
DA:374,0
DA:379,0
DA:381,0
DA:382,0
DA:383,0
DA:397,0
DA:400,0
DA:401,0
DA:403,0
DA:404,0
DA:408,0
DA:412,0
DA:413,0
DA:415,0
DA:425,0
DA:426,0
DA:427,0
DA:428,0
DA:429,0
DA:430,0
DA:431,0
DA:432,0
DA:433,0
DA:435,0
DA:441,0
DA:443,0
DA:444,0
DA:445,0
DA:460,0
DA:463,0
DA:465,0
DA:466,0
DA:467,0
DA:469,0
DA:473,0
DA:476,0
DA:477,0
DA:480,0
DA:484,0
DA:485,0
DA:486,0
DA:489,0
DA:493,0
DA:494,0
DA:495,0
DA:496,0
DA:497,0
DA:498,0
DA:500,0
DA:501,0
DA:502,0
DA:505,0
DA:506,0
DA:507,0
DA:508,0
DA:511,0
DA:513,0
DA:514,0
DA:515,0
DA:516,0
DA:517,0
DA:518,0
DA:523,0
DA:524,0
DA:527,0
DA:529,0
DA:530,0
DA:531,0
DA:539,0
DA:547,0
DA:551,0
DA:553,0
DA:554,0
DA:558,0
DA:559,0
DA:560,0
DA:561,0
DA:566,0
DA:567,0
DA:568,0
DA:570,0
DA:571,0
DA:573,0
DA:575,0
DA:576,0
DA:577,0
DA:580,0
DA:584,0
DA:588,0
DA:589,0
DA:590,0
DA:591,0
DA:592,0
DA:593,0
DA:594,0
DA:595,0
DA:596,0
DA:597,0
DA:605,0
DA:606,0
DA:608,0
DA:609,0
DA:610,0
DA:613,0
DA:614,0
DA:615,0
DA:618,0
DA:619,0
DA:620,0
DA:623,0
DA:624,0
DA:625,0
DA:626,0
DA:627,0
DA:630,0
DA:634,0
DA:635,0
DA:637,0
DA:638,0
DA:639,0
DA:641,0
DA:642,0
DA:643,0
DA:647,0
DA:648,0
DA:656,0
DA:657,0
DA:658,0
DA:659,0
DA:660,0
DA:661,0
DA:662,0
DA:667,0
DA:668,0
DA:669,0
DA:670,0
DA:671,0
DA:672,0
DA:673,0
DA:674,0
DA:679,0
DA:680,0
DA:681,0
DA:682,0
DA:683,0
DA:684,0
DA:685,0
DA:690,0
DA:691,0
DA:692,0
DA:693,0
DA:695,0
DA:696,0
DA:697,0
DA:698,0
DA:699,0
DA:700,0
DA:702,0
DA:703,0
DA:704,0
DA:705,0
DA:707,0
DA:712,0
DA:713,0
DA:714,0
DA:715,0
DA:716,0
DA:717,0
DA:719,0
DA:720,0
DA:722,0
DA:729,0
DA:731,0
DA:737,0
DA:742,0
DA:745,0
DA:746,0
DA:751,0
DA:754,0
DA:755,0
DA:756,0
DA:759,0
DA:760,0
DA:761,0
DA:764,0
DA:765,0
DA:766,0
DA:767,0
DA:768,0
DA:770,0
LF:342
LH:0
BRDA:45,0,0,0
BRDA:45,0,1,0
BRDA:55,1,0,0
BRDA:55,1,1,0
BRDA:77,2,0,0
BRDA:77,2,1,0
BRDA:110,3,0,0
BRDA:155,4,0,0
BRDA:155,5,0,0
BRDA:163,6,0,0
BRDA:166,7,0,0
BRDA:166,7,1,0
BRDA:167,8,0,0
BRDA:167,8,1,0
BRDA:168,9,0,0
BRDA:168,9,1,0
BRDA:172,10,0,0
BRDA:172,10,1,0
BRDA:204,11,0,0
BRDA:204,11,1,0
BRDA:215,12,0,0
BRDA:215,12,1,0
BRDA:224,13,0,0
BRDA:224,13,1,0
BRDA:231,14,0,0
BRDA:231,14,1,0
BRDA:243,15,0,0
BRDA:243,15,1,0
BRDA:245,16,0,0
BRDA:245,16,1,0
BRDA:249,17,0,0
BRDA:249,17,1,0
BRDA:251,18,0,0
BRDA:251,18,1,0
BRDA:257,19,0,0
BRDA:257,19,1,0
BRDA:277,20,0,0
BRDA:277,20,1,0
BRDA:303,21,0,0
BRDA:303,21,1,0
BRDA:304,22,0,0
BRDA:304,22,1,0
BRDA:309,23,0,0
BRDA:309,23,1,0
BRDA:324,24,0,0
BRDA:324,24,1,0
BRDA:325,25,0,0
BRDA:325,25,1,0
BRDA:327,26,0,0
BRDA:327,26,1,0
BRDA:329,27,0,0
BRDA:329,27,1,0
BRDA:337,28,0,0
BRDA:337,28,1,0
BRDA:342,29,0,0
BRDA:342,29,1,0
BRDA:343,30,0,0
BRDA:343,30,1,0
BRDA:354,31,0,0
BRDA:354,31,1,0
BRDA:369,32,0,0
BRDA:369,32,1,0
BRDA:370,33,0,0
BRDA:370,33,1,0
BRDA:374,34,0,0
BRDA:374,34,1,0
BRDA:412,35,0,0
BRDA:412,35,1,0
BRDA:412,36,0,0
BRDA:412,36,1,0
BRDA:427,37,0,0
BRDA:427,37,1,0
BRDA:484,38,0,0
BRDA:484,38,1,0
BRDA:502,39,0,0
BRDA:502,39,1,0
BRDA:502,40,0,0
BRDA:502,40,1,0
BRDA:502,41,0,0
BRDA:502,41,1,0
BRDA:508,42,0,0
BRDA:508,42,1,0
BRDA:508,43,0,0
BRDA:508,43,1,0
BRDA:508,44,0,0
BRDA:508,44,1,0
BRDA:511,45,0,0
BRDA:511,45,1,0
BRDA:513,46,0,0
BRDA:513,46,1,0
BRDA:513,47,0,0
BRDA:513,47,1,0
BRDA:517,48,0,0
BRDA:517,48,1,0
BRDA:518,49,0,0
BRDA:518,49,1,0
BRDA:518,50,0,0
BRDA:518,50,1,0
BRDA:523,51,0,0
BRDA:523,51,1,0
BRDA:553,52,0,0
BRDA:553,52,1,0
BRDA:560,53,0,0
BRDA:560,53,1,0
BRDA:568,54,0,0
BRDA:568,54,1,0
BRDA:571,55,0,0
BRDA:571,55,1,0
BRDA:575,56,0,0
BRDA:575,56,1,0
BRDA:576,57,0,0
BRDA:576,57,1,0
BRDA:591,58,0,0
BRDA:591,58,1,0
BRDA:592,59,0,0
BRDA:592,59,1,0
BRDA:593,60,0,0
BRDA:593,60,1,0
BRDA:594,61,0,0
BRDA:594,61,1,0
BRDA:624,62,0,0
BRDA:624,62,1,0
BRDA:627,63,0,0
BRDA:627,63,1,0
BRDA:638,64,0,0
BRDA:638,64,1,0
BRDA:639,65,0,0
BRDA:639,65,1,0
BRDA:641,66,0,0
BRDA:641,66,1,0
BRDA:642,67,0,0
BRDA:642,67,1,0
BRDA:643,68,0,0
BRDA:643,68,1,0
BRDA:697,69,0,0
BRDA:697,69,1,0
BRDA:698,70,0,0
BRDA:698,70,1,0
BRDA:702,71,0,0
BRDA:702,71,1,0
BRDA:705,72,0,0
BRDA:705,72,1,0
BRDA:705,73,0,0
BRDA:705,73,1,0
BRDA:715,74,0,0
BRDA:715,74,1,0
BRF:146
BRH:0
end_of_record
TN:
SF:cli/methodology.js
FN:245,getSparkitStep
FN:247,(anonymous_1)
FN:255,getSparkitSequence
FN:256,(anonymous_3)
FN:262,getSparkPrinciple
FN:269,getAspiresPattern
FN:278,formatSparkitQuickRef
FN:296,formatSparkQuickRef
FN:312,formatAspiresQuickRef
FNF:9
FNH:0
FNDA:0,getSparkitStep
FNDA:0,(anonymous_1)
FNDA:0,getSparkitSequence
FNDA:0,(anonymous_3)
FNDA:0,getSparkPrinciple
FNDA:0,getAspiresPattern
FNDA:0,formatSparkitQuickRef
FNDA:0,formatSparkQuickRef
FNDA:0,formatAspiresQuickRef
DA:10,0
DA:122,0
DA:169,0
DA:246,0
DA:247,0
DA:249,0
DA:256,0
DA:263,0
DA:270,0
DA:279,0
DA:297,0
DA:313,0
LF:12
LH:0
BRDA:246,0,0,0
BRDA:246,0,1,0
BRDA:270,1,0,0
BRDA:270,1,1,0
BRDA:270,1,2,0
BRF:5
BRH:0
end_of_record
TN:
SF:cli/personas.js
FN:416,getAllPersonas
FN:429,getPresetPersonas
FN:434,(anonymous_2)
FN:440,getPersonasByArchetype
FN:442,(anonymous_4)
FNF:5
FNH:0
FNDA:0,getAllPersonas
FNDA:0,getPresetPersonas
FNDA:0,(anonymous_2)
FNDA:0,getPersonasByArchetype
FNDA:0,(anonymous_4)
DA:13,0
DA:92,0
DA:106,0
DA:211,0
DA:282,0
DA:321,0
DA:376,0
DA:417,0
DA:430,0
DA:431,0
DA:433,0
DA:434,0
DA:441,0
DA:442,0
DA:443,0
LF:15
LH:0
BRDA:431,0,0,0
BRDA:431,0,1,0
BRF:2
BRH:0
end_of_record
TN:
SF:cli/providers.js
FN:50,callAI
FN:74,callOpenAI
FN:95,callAnthropic
FN:115,callGemini
FN:130,callOllama
FNF:5
FNH:0
FNDA:0,callAI
FNDA:0,callOpenAI
FNDA:0,callAnthropic
FNDA:0,callGemini
FNDA:0,callOllama
DA:9,0
DA:51,0
DA:52,0
DA:53,0
DA:55,0
DA:56,0
DA:59,0
DA:60,0
DA:63,0
DA:64,0
DA:67,0
DA:68,0
DA:71,0
DA:75,0
DA:76,0
DA:78,0
DA:90,0
DA:91,0
DA:92,0
DA:96,0
DA:110,0
DA:111,0
DA:112,0
DA:116,0
DA:117,0
DA:125,0
DA:126,0
DA:127,0
DA:131,0
DA:144,0
DA:145,0
DA:146,0
LF:32
LH:0
BRDA:50,0,0,0
BRDA:51,1,0,0
BRDA:51,1,1,0
BRDA:52,2,0,0
BRDA:52,2,1,0
BRDA:53,3,0,0
BRDA:53,3,1,0
BRDA:55,4,0,0
BRDA:55,4,1,0
BRDA:55,5,0,0
BRDA:55,5,1,0
BRDA:59,6,0,0
BRDA:59,6,1,0
BRDA:63,7,0,0
BRDA:63,7,1,0
BRDA:67,8,0,0
BRDA:67,8,1,0
BRDA:76,9,0,0
BRDA:76,9,1,0
BRDA:91,10,0,0
BRDA:91,10,1,0
BRDA:111,11,0,0
BRDA:111,11,1,0
BRDA:126,12,0,0
BRDA:126,12,1,0
BRDA:145,13,0,0
BRDA:145,13,1,0
BRDA:146,14,0,0
BRDA:146,14,1,0
BRF:29
BRH:0
end_of_record
TN:
SF:cli/api/index.js
FN:41,initialize
FN:64,createSession
FN:110,getSession
FN:134,listSessions
FN:141,(anonymous_4)
FN:148,(anonymous_5)
FN:154,(anonymous_6)
FN:174,exportSession
FN:244,deleteSession
FN:266,cloneSession
FN:290,getStats
FN:311,getConfig
FN:328,generateMarkdownExport
FN:349,generateTextExport
FNF:14
FNH:13
FNDA:9,initialize
FNDA:18,createSession
FNDA:6,getSession
FNDA:5,listSessions
FNDA:35,(anonymous_4)
FNDA:0,(anonymous_5)
FNDA:108,(anonymous_6)
FNDA:6,exportSession
FNDA:3,deleteSession
FNDA:2,cloneSession
FNDA:2,getStats
FNDA:2,getConfig
FNDA:2,generateMarkdownExport
FNDA:1,generateTextExport
DA:30,1
DA:42,9
DA:43,9
DA:45,9
DA:65,18
DA:68,18
DA:69,18
DA:70,4
DA:74,14
DA:75,3
DA:76,3
DA:77,1
DA:82,13
DA:85,13
DA:92,13
DA:111,6
DA:112,6
DA:113,2
DA:116,4
DA:118,4
DA:119,2
DA:122,2
DA:135,5
DA:137,5
DA:140,5
DA:141,35
DA:145,5
DA:146,0
DA:147,0
DA:148,0
DA:149,0
DA:154,108
DA:175,6
DA:178,6
DA:179,6
DA:180,1
DA:184,5
DA:185,5
DA:186,1
DA:190,4
DA:196,4
DA:198,1
DA:199,1
DA:200,1
DA:203,1
DA:204,1
DA:205,1
DA:209,2
DA:210,2
DA:211,2
DA:215,4
DA:216,4
DA:217,0
DA:218,0
DA:219,0
DA:222,0
DA:226,0
DA:229,4
DA:245,3
DA:246,3
DA:247,1
DA:250,2
DA:251,2
DA:252,1
DA:255,1
DA:256,1
DA:267,2
DA:268,2
DA:269,0
DA:272,2
DA:273,2
DA:274,1
DA:277,1
DA:291,2
DA:292,2
DA:294,2
DA:312,2
DA:314,2
DA:329,2
DA:330,2
DA:331,2
DA:332,2
DA:333,2
DA:336,2
DA:337,0
DA:340,2
DA:341,0
DA:344,2
DA:346,2
DA:350,1
DA:351,1
DA:352,1
DA:353,1
DA:354,1
DA:355,1
DA:357,1
DA:358,0
DA:361,1
DA:362,1
DA:364,1
LF:100
LH:87
BRDA:69,0,0,4
BRDA:69,0,1,14
BRDA:74,1,0,3
BRDA:74,1,1,11
BRDA:76,2,0,1
BRDA:76,2,1,2
BRDA:87,3,0,13
BRDA:87,3,1,11
BRDA:87,3,2,0
BRDA:88,4,0,13
BRDA:88,4,1,12
BRDA:89,5,0,13
BRDA:89,5,1,12
BRDA:112,6,0,2
BRDA:112,6,1,4
BRDA:118,7,0,2
BRDA:118,7,1,2
BRDA:134,8,0,2
BRDA:135,9,0,3
BRDA:140,10,0,1
BRDA:140,10,1,4
BRDA:145,11,0,0
BRDA:145,11,1,5
BRDA:174,12,0,3
BRDA:175,13,0,3
BRDA:179,14,0,1
BRDA:179,14,1,5
BRDA:185,15,0,1
BRDA:185,15,1,4
BRDA:196,16,0,1
BRDA:196,16,1,1
BRDA:196,16,2,2
BRDA:196,16,3,2
BRDA:216,17,0,0
BRDA:216,17,1,4
BRDA:218,18,0,0
BRDA:218,18,1,0
BRDA:222,19,0,0
BRDA:222,19,1,0
BRDA:246,20,0,1
BRDA:246,20,1,2
BRDA:251,21,0,1
BRDA:251,21,1,1
BRDA:268,22,0,0
BRDA:268,22,1,2
BRDA:273,23,0,1
BRDA:273,23,1,1
BRDA:300,24,0,2
BRDA:300,24,1,0
BRDA:336,25,0,0
BRDA:336,25,1,2
BRDA:340,26,0,0
BRDA:340,26,1,2
BRDA:357,27,0,0
BRDA:357,27,1,1
BRF:55
BRH:43
end_of_record
TN:
SF:cli/security/sanitization.js
FN:23,escapeHtml
FN:25,(anonymous_1)
FN:31,sanitizeForTerminal
FN:44,sanitizeForMarkdown
FN:56,sanitizeForJson
FN:84,sanitizeLLMResponse
FN:102,maskSensitiveData
FN:118,sanitizeSessionForExport
FN:136,(anonymous_8)
FN:153,createSafeFilename
FN:166,truncateSafely
FNF:11
FNH:8
FNDA:4,escapeHtml
FNDA:12,(anonymous_1)
FNDA:12,sanitizeForTerminal
FNDA:0,sanitizeForMarkdown
FNDA:0,sanitizeForJson
FNDA:3,sanitizeLLMResponse
FNDA:4,maskSensitiveData
FNDA:6,sanitizeSessionForExport
FNDA:0,(anonymous_8)
FNDA:4,createSafeFilename
FNDA:3,truncateSafely
DA:10,2
DA:24,4
DA:25,12
DA:32,12
DA:36,12
DA:45,0
DA:48,0
DA:57,0
DA:59,0
DA:61,0
DA:64,0
DA:65,0
DA:68,0
DA:69,0
DA:70,0
DA:72,0
DA:73,0
DA:75,0
DA:78,0
DA:85,3
DA:88,3
DA:96,3
DA:103,4
DA:105,4
DA:119,6
DA:121,6
DA:124,6
DA:125,6
DA:128,6
DA:129,6
DA:133,6
DA:134,6
DA:135,42
DA:136,0
DA:141,42
DA:142,0
DA:147,6
DA:154,4
DA:156,4
DA:167,3
DA:168,3
DA:171,2
DA:172,2
DA:174,2
LF:44
LH:28
BRDA:24,0,0,2
BRDA:24,0,1,2
BRDA:32,1,0,0
BRDA:32,1,1,12
BRDA:45,2,0,0
BRDA:45,2,1,0
BRDA:57,3,0,0
BRDA:57,3,1,0
BRDA:57,4,0,0
BRDA:57,4,1,0
BRDA:59,5,0,0
BRDA:59,5,1,0
BRDA:64,6,0,0
BRDA:64,6,1,0
BRDA:68,7,0,0
BRDA:68,7,1,0
BRDA:72,8,0,0
BRDA:72,8,1,0
BRDA:85,9,0,0
BRDA:85,9,1,3
BRDA:103,10,0,0
BRDA:103,10,1,4
BRDA:119,11,0,0
BRDA:119,11,1,6
BRDA:119,12,0,6
BRDA:119,12,1,6
BRDA:128,13,0,6
BRDA:128,13,1,0
BRDA:133,14,0,6
BRDA:133,14,1,0
BRDA:135,15,0,0
BRDA:135,15,1,42
BRDA:138,16,0,0
BRDA:138,16,1,0
BRDA:141,17,0,0
BRDA:141,17,1,42
BRDA:153,18,0,3
BRDA:154,19,0,0
BRDA:154,19,1,4
BRDA:156,20,0,4
BRDA:156,20,1,1
BRDA:166,21,0,3
BRDA:167,22,0,0
BRDA:167,22,1,3
BRDA:168,23,0,1
BRDA:168,23,1,2
BRDA:172,24,0,0
BRDA:172,24,1,2
BRF:48
BRH:21
end_of_record
TN:
SF:cli/security/validation.js
FN:55,validateUUID
FN:70,validateDecision
FN:96,validatePersonaId
FN:112,validateFilePath
FN:135,validateModelName
FN:154,validateBaseUrl
FN:160,(anonymous_6)
FN:179,validateApiKey
FN:210,validateSessionJson
FN:243,validatePreset
FN:260,validateAll
FNF:11
FNH:10
FNDA:27,validateUUID
FNDA:30,validateDecision
FNDA:0,validatePersonaId
FNDA:6,validateFilePath
FNDA:6,validateModelName
FNDA:7,validateBaseUrl
FNDA:28,(anonymous_6)
FNDA:5,validateApiKey
FNDA:6,validateSessionJson
FNDA:3,validatePreset
FNDA:2,validateAll
DA:10,2
DA:15,2
DA:20,2
DA:32,2
DA:44,2
DA:56,27
DA:57,2
DA:60,25
DA:61,7
DA:64,18
DA:71,30
DA:72,1
DA:75,29
DA:76,3
DA:79,26
DA:80,1
DA:84,25
DA:85,126
DA:86,6
DA:90,19
DA:97,0
DA:98,0
DA:102,0
DA:103,0
DA:106,0
DA:113,6
DA:114,0
DA:118,6
DA:119,21
DA:120,3
DA:125,3
DA:126,1
DA:129,2
DA:136,6
DA:137,0
DA:140,6
DA:141,2
DA:144,4
DA:145,1
DA:148,3
DA:155,7
DA:156,0
DA:160,28
DA:162,7
DA:163,3
DA:167,4
DA:168,4
DA:170,0
DA:173,4
DA:180,5
DA:182,2
DA:183,1
DA:185,1
DA:188,3
DA:189,0
DA:193,3
DA:199,3
DA:200,3
DA:201,1
DA:204,2
DA:211,6
DA:212,2
DA:216,4
DA:217,4
DA:218,13
DA:219,1
DA:224,3
DA:225,3
DA:228,3
DA:229,3
DA:230,1
DA:234,2
DA:235,2
DA:237,1
DA:244,3
DA:246,3
DA:247,0
DA:250,3
DA:251,1
DA:254,2
DA:261,2
DA:262,3
DA:263,1
DA:266,1
LF:84
LH:73
BRDA:55,0,0,7
BRDA:56,1,0,2
BRDA:56,1,1,25
BRDA:56,2,0,27
BRDA:56,2,1,25
BRDA:60,3,0,7
BRDA:60,3,1,18
BRDA:71,4,0,1
BRDA:71,4,1,29
BRDA:71,5,0,30
BRDA:71,5,1,29
BRDA:75,6,0,3
BRDA:75,6,1,26
BRDA:79,7,0,1
BRDA:79,7,1,25
BRDA:85,8,0,6
BRDA:85,8,1,120
BRDA:97,9,0,0
BRDA:97,9,1,0
BRDA:97,10,0,0
BRDA:97,10,1,0
BRDA:102,11,0,0
BRDA:102,11,1,0
BRDA:102,12,0,0
BRDA:102,12,1,0
BRDA:112,13,0,6
BRDA:113,14,0,0
BRDA:113,14,1,6
BRDA:113,15,0,6
BRDA:113,15,1,6
BRDA:119,16,0,3
BRDA:119,16,1,18
BRDA:125,17,0,1
BRDA:125,17,1,2
BRDA:136,18,0,0
BRDA:136,18,1,6
BRDA:136,19,0,6
BRDA:136,19,1,6
BRDA:140,20,0,2
BRDA:140,20,1,4
BRDA:144,21,0,1
BRDA:144,21,1,3
BRDA:155,22,0,0
BRDA:155,22,1,7
BRDA:155,23,0,7
BRDA:155,23,1,7
BRDA:162,24,0,3
BRDA:162,24,1,4
BRDA:180,25,0,2
BRDA:180,25,1,3
BRDA:182,26,0,1
BRDA:182,26,1,1
BRDA:188,27,0,0
BRDA:188,27,1,3
BRDA:200,28,0,1
BRDA:200,28,1,2
BRDA:200,29,0,3
BRDA:200,29,1,3
BRDA:211,30,0,2
BRDA:211,30,1,4
BRDA:211,31,0,6
BRDA:211,31,1,5
BRDA:218,32,0,1
BRDA:218,32,1,12
BRDA:225,33,0,0
BRDA:225,33,1,3
BRDA:229,34,0,1
BRDA:229,34,1,2
BRDA:235,35,0,1
BRDA:235,35,1,1
BRDA:246,36,0,0
BRDA:246,36,1,3
BRDA:250,37,0,1
BRDA:250,37,1,2
BRDA:262,38,0,1
BRDA:262,38,1,2
BRF:76
BRH:62
end_of_record
TN:
SF:cli/tui/store/config.js
FN:44,loadConfigFromDisk
FN:62,saveConfigToDisk
FN:77,checkConfigPermissions
FN:100,maskApiKey
FN:109,(anonymous_4)
FN:117,(anonymous_5)
FN:129,(anonymous_6)
FN:139,(anonymous_7)
FN:150,(anonymous_8)
FN:151,(anonymous_9)
FN:166,(anonymous_10)
FN:167,(anonymous_11)
FN:181,(anonymous_12)
FN:187,(anonymous_13)
FN:196,(anonymous_14)
FN:202,(anonymous_15)
FNF:16
FNH:4
FNDA:9,loadConfigFromDisk
FNDA:0,saveConfigToDisk
FNDA:9,checkConfigPermissions
FNDA:0,maskApiKey
FNDA:1,(anonymous_4)
FNDA:9,(anonymous_5)
FNDA:0,(anonymous_6)
FNDA:0,(anonymous_7)
FNDA:0,(anonymous_8)
FNDA:0,(anonymous_9)
FNDA:0,(anonymous_10)
FNDA:0,(anonymous_11)
FNDA:0,(anonymous_12)
FNDA:0,(anonymous_13)
FNDA:0,(anonymous_14)
FNDA:0,(anonymous_15)
DA:12,1
DA:13,1
DA:18,1
DA:45,9
DA:47,9
DA:48,9
DA:49,9
DA:50,9
DA:51,9
DA:53,0
DA:56,0
DA:63,0
DA:65,0
DA:66,0
DA:67,0
DA:69,0
DA:70,0
DA:78,9
DA:80,9
DA:81,9
DA:82,9
DA:85,9
DA:86,9
DA:91,0
DA:93,0
DA:101,0
DA:102,0
DA:103,0
DA:109,1
DA:118,9
DA:119,9
DA:120,9
DA:125,9
DA:130,0
DA:131,0
DA:132,0
DA:133,0
DA:135,0
DA:140,0
DA:141,0
DA:142,0
DA:143,0
DA:144,0
DA:146,0
DA:151,0
DA:152,0
DA:153,0
DA:154,0
DA:155,0
DA:156,0
DA:157,0
DA:159,0
DA:160,0
DA:161,0
DA:167,0
DA:168,0
DA:175,0
DA:176,0
DA:182,0
DA:183,0
DA:188,0
DA:189,0
DA:190,0
DA:192,0
DA:197,0
DA:198,0
DA:203,0
DA:204,0
LF:68
LH:20
BRDA:45,0,0,0
BRDA:45,0,1,9
BRDA:47,1,0,9
BRDA:47,1,1,0
BRDA:63,2,0,0
BRDA:63,2,1,0
BRDA:78,3,0,0
BRDA:78,3,1,9
BRDA:85,4,0,9
BRDA:85,4,1,0
BRDA:101,5,0,0
BRDA:101,5,1,0
BRDA:102,6,0,0
BRDA:102,6,1,0
BRDA:123,7,0,0
BRDA:123,7,1,9
BRDA:132,8,0,0
BRDA:132,8,1,0
BRDA:189,9,0,0
BRDA:189,9,1,0
BRDA:190,10,0,0
BRDA:190,10,1,0
BRDA:192,11,0,0
BRDA:192,11,1,0
BRF:24
BRH:5
end_of_record
TN:
SF:cli/tui/store/navigation.js
FN:26,(anonymous_0)
FN:53,(anonymous_1)
FN:55,(anonymous_2)
FN:63,(anonymous_3)
FN:78,(anonymous_4)
FN:81,(anonymous_5)
FN:82,(anonymous_6)
FN:88,(anonymous_7)
FN:102,(anonymous_8)
FN:116,(anonymous_9)
FN:121,(anonymous_10)
FN:126,(anonymous_11)
FN:131,(anonymous_12)
FN:146,(anonymous_13)
FN:151,(anonymous_14)
FN:156,(anonymous_15)
FN:161,(anonymous_16)
FNF:17
FNH:0
FNDA:0,(anonymous_0)
FNDA:0,(anonymous_1)
FNDA:0,(anonymous_2)
FNDA:0,(anonymous_3)
FNDA:0,(anonymous_4)
FNDA:0,(anonymous_5)
FNDA:0,(anonymous_6)
FNDA:0,(anonymous_7)
FNDA:0,(anonymous_8)
FNDA:0,(anonymous_9)
FNDA:0,(anonymous_10)
FNDA:0,(anonymous_11)
FNDA:0,(anonymous_12)
FNDA:0,(anonymous_13)
FNDA:0,(anonymous_14)
FNDA:0,(anonymous_15)
FNDA:0,(anonymous_16)
DA:12,0
DA:26,0
DA:54,0
DA:55,0
DA:64,0
DA:65,0
DA:66,0
DA:67,0
DA:72,0
DA:74,0
DA:78,0
DA:82,0
DA:89,0
DA:103,0
DA:117,0
DA:122,0
DA:127,0
DA:132,0
DA:147,0
DA:152,0
DA:157,0
DA:162,0
LF:22
LH:0
BRDA:53,0,0,0
BRDA:65,1,0,0
BRDA:65,1,1,0
BRDA:151,2,0,0
BRF:4
BRH:0
end_of_record
TN:
SF:cli/tui/store/sessions.js
FN:19,ensureDirectories
FN:38,createSession
FN:82,parseSessionFilename
FN:97,loadSessionsFromDisk
FN:121,(anonymous_4)
FN:133,saveSessionToDisk
FN:164,deleteSessionFromDisk
FN:179,(anonymous_7)
FN:197,(anonymous_8)
FN:203,(anonymous_9)
FN:204,(anonymous_10)
FN:205,(anonymous_11)
FN:206,(anonymous_12)
FN:217,(anonymous_13)
FN:220,(anonymous_14)
FN:224,(anonymous_15)
FN:226,(anonymous_16)
FN:230,(anonymous_17)
FN:233,(anonymous_18)
FN:242,(anonymous_19)
FN:243,(anonymous_20)
FN:244,(anonymous_21)
FN:257,(anonymous_22)
FN:268,(anonymous_23)
FN:276,(anonymous_24)
FN:281,(anonymous_25)
FN:291,(anonymous_26)
FN:295,(anonymous_27)
FN:296,(anonymous_28)
FN:303,(anonymous_29)
FN:313,(anonymous_30)
FN:323,(anonymous_31)
FN:328,(anonymous_32)
FN:333,(anonymous_33)
FN:337,(anonymous_34)
FN:341,(anonymous_35)
FN:343,(anonymous_36)
FNF:37
FNH:29
FNDA:25,ensureDirectories
FNDA:1421,createSession
FNDA:0,parseSessionFilename
FNDA:11,loadSessionsFromDisk
FNDA:1548,(anonymous_4)
FNDA:14,saveSessionToDisk
FNDA:1,deleteSessionFromDisk
FNDA:3,(anonymous_7)
FNDA:11,(anonymous_8)
FNDA:373,(anonymous_9)
FNDA:373,(anonymous_10)
FNDA:373,(anonymous_11)
FNDA:373,(anonymous_12)
FNDA:2,(anonymous_13)
FNDA:3,(anonymous_14)
FNDA:16,(anonymous_15)
FNDA:191,(anonymous_16)
FNDA:13,(anonymous_17)
FNDA:13,(anonymous_18)
FNDA:0,(anonymous_19)
FNDA:0,(anonymous_20)
FNDA:0,(anonymous_21)
FNDA:0,(anonymous_22)
FNDA:0,(anonymous_23)
FNDA:0,(anonymous_24)
FNDA:0,(anonymous_25)
FNDA:1,(anonymous_26)
FNDA:1,(anonymous_27)
FNDA:38,(anonymous_28)
FNDA:2,(anonymous_29)
FNDA:1,(anonymous_30)
FNDA:1,(anonymous_31)
FNDA:1,(anonymous_32)
FNDA:1,(anonymous_33)
FNDA:3,(anonymous_34)
FNDA:1,(anonymous_35)
FNDA:4,(anonymous_36)
DA:15,3
DA:16,3
DA:20,25
DA:21,25
DA:27,3
DA:39,1421
DA:84,0
DA:85,0
DA:86,0
DA:91,0
DA:98,11
DA:99,11
DA:101,11
DA:102,11
DA:103,11
DA:104,373
DA:105,373
DA:106,373
DA:107,373
DA:109,373
DA:110,373
DA:112,0
DA:117,0
DA:121,11
DA:122,1548
DA:123,1548
DA:124,1548
DA:127,11
DA:134,14
DA:137,14
DA:140,14
DA:141,14
DA:145,14
DA:147,14
DA:148,14
DA:153,14
DA:154,14
DA:156,0
DA:157,0
DA:165,1
DA:167,1
DA:168,1
DA:169,1
DA:171,0
DA:172,0
DA:179,3
DA:198,11
DA:199,11
DA:200,11
DA:201,11
DA:203,373
DA:204,373
DA:205,373
DA:207,373
DA:210,11
DA:212,0
DA:218,2
DA:219,2
DA:220,3
DA:225,16
DA:226,191
DA:231,13
DA:232,13
DA:233,13
DA:238,13
DA:243,0
DA:244,0
DA:245,0
DA:246,0
DA:247,0
DA:248,0
DA:250,0
DA:252,0
DA:258,0
DA:259,0
DA:260,0
DA:269,0
DA:270,0
DA:271,0
DA:277,0
DA:282,0
DA:292,1
DA:293,1
DA:294,1
DA:295,1
DA:296,38
DA:304,2
DA:305,2
DA:306,1
DA:312,1
DA:313,1
DA:317,1
DA:319,1
DA:324,1
DA:329,1
DA:334,1
DA:335,1
DA:336,1
DA:337,3
DA:342,1
DA:343,1
DA:344,4
LF:102
LH:75
BRDA:20,0,0,0
BRDA:20,0,1,25
BRDA:21,1,0,0
BRDA:21,1,1,25
BRDA:44,2,0,1421
BRDA:44,2,1,1305
BRDA:45,3,0,1421
BRDA:45,3,1,1305
BRDA:46,4,0,1421
BRDA:46,4,1,1305
BRDA:85,5,0,0
BRDA:85,5,1,0
BRDA:104,6,0,373
BRDA:104,6,1,0
BRDA:122,7,0,1548
BRDA:122,7,1,0
BRDA:123,8,0,1548
BRDA:123,8,1,11
BRDA:145,9,0,14
BRDA:145,9,1,14
BRDA:165,10,0,0
BRDA:165,10,1,1
BRDA:207,11,0,373
BRDA:207,11,1,373
BRDA:219,12,0,1
BRDA:219,12,1,1
BRDA:245,13,0,0
BRDA:245,13,1,0
BRDA:259,14,0,0
BRDA:259,14,1,0
BRDA:259,15,0,0
BRDA:259,15,1,0
BRDA:270,16,0,0
BRDA:270,16,1,0
BRDA:270,17,0,0
BRDA:270,17,1,0
BRDA:293,18,0,1
BRDA:293,18,1,0
BRDA:305,19,0,1
BRDA:305,19,1,1
BRDA:333,20,0,0
BRDA:344,21,0,4
BRDA:344,21,1,2
BRF:43
BRH:24
end_of_record
